        -:    0:Source:testa_rainhas.cpp
        -:    1:/**
        -:    2:*@file testa_rainhas.cpp
        -:    3:*/
        -:    4:
        -:    5:#define CATCH_CONFIG_MAIN
        -:    6:#include "rainhas.hpp"
        -:    7:#include "catch.hpp"
        -:    8:
        -:    9:/**
        -:   10:* TEST_CASE - casos sem solução
        -:   11:* Verifica_solucao será a função que responderá os requisitos do problema             
        -:   12:*/
        1:   13:TEST_CASE("solucoes invalidas para o problema", "[rainhas]") {
        2:   14:    REQUIRE(Verifica_solucao("teste_8_rainhas.txt") == 0);
        2:   15:    REQUIRE(Verifica_solucao("tabuleiros/teste_13.txt") == 0);
        2:   16:    REQUIRE(Verifica_solucao("tabuleiros/teste_14.txt") == 0);
        2:   17:    REQUIRE(Verifica_solucao("tabuleiros/teste_15.txt") == 0);
        -:   18:
        2:   19:    REQUIRE(Verifica_solucao("tabuleiros/teste_1.txt") == 0);
        2:   20:    REQUIRE(Verifica_solucao("tabuleiros/teste_2.txt") == 0);
        2:   21:    REQUIRE(Verifica_solucao("tabuleiros/teste_3.txt") == 0);
        2:   22:    REQUIRE(Verifica_solucao("tabuleiros/teste_4.txt") == 0);
        2:   23:    REQUIRE(Verifica_solucao("tabuleiros/teste_5.txt") == 0);
        2:   24:    REQUIRE(Verifica_solucao("tabuleiros/teste_6.txt") == 0);
        2:   25:    REQUIRE(Verifica_solucao("tabuleiros/teste_7.txt") == 0);
        2:   26:    REQUIRE(Verifica_solucao("tabuleiros/teste_8.txt") == 0);
        2:   27:    REQUIRE(Verifica_solucao("tabuleiros/teste_9.txt") == 0);
        2:   28:    REQUIRE(Verifica_solucao("tabuleiros/teste_10.txt") == 0);
        2:   29:    REQUIRE(Verifica_solucao("tabuleiros/teste_30.txt") == 0);
        2:   30:    REQUIRE(Verifica_solucao("tabuleiros/teste_31.txt") == 0);
        1:   31:}
        -:   32:
        -:   33:/**
        -:   34:* TEST_CASE - casos com solução
        -:   35:* 
        -:   36:*/
        -:   37:
        1:   38:TEST_CASE("solucoes validas para o problema", "[rainhas]") {
        2:   39:    REQUIRE(Verifica_solucao("tabuleiros/teste_11.txt") == 1);
        -:   40:
        2:   41:    REQUIRE(Verifica_solucao("tabuleiros/teste_25.txt") == 1);
        2:   42:    REQUIRE(Verifica_solucao("tabuleiros/teste_26.txt") == 1);
        2:   43:    REQUIRE(Verifica_solucao("tabuleiros/teste_27.txt") == 1);
        2:   44:    REQUIRE(Verifica_solucao("tabuleiros/teste_28.txt") == 1);
        2:   45:    REQUIRE(Verifica_solucao("tabuleiros/teste_28.txt") == 1);
        1:   46:}
        -:   47:
        -:   48:/**
        -:   49:* TEST_CASE - casos com invalidez
        -:   50:* 
        -:   51:*/
        1:   52:TEST_CASE("matriz invalida para o problema", "[rainhas]") {
        2:   53:    REQUIRE(Verifica_solucao("tabuleiros/teste_12.txt") == -1);
        2:   54:    REQUIRE(Verifica_solucao("tabuleiros/teste_16.txt") == -1);
        -:   55:
        2:   56:    REQUIRE(Verifica_solucao("tabuleiros/teste_17.txt") == -1);
        2:   57:    REQUIRE(Verifica_solucao("tabuleiros/teste_18.txt") == -1);
        2:   58:    REQUIRE(Verifica_solucao("tabuleiros/teste_19.txt") == -1);
        2:   59:    REQUIRE(Verifica_solucao("tabuleiros/teste_20.txt") == -1);
        2:   60:    REQUIRE(Verifica_solucao("tabuleiros/teste_21.txt") == -1);
        2:   61:    REQUIRE(Verifica_solucao("tabuleiros/teste_22.txt") == -1);
        2:   62:    REQUIRE(Verifica_solucao("tabuleiros/teste_23.txt") == -1);
        2:   63:    REQUIRE(Verifica_solucao("tabuleiros/teste_24.txt") == -1);
        1:   64:}
